13/04/2010 14:16:49 (Std) 	+-+-+-+-+-+-+-+-+-+-+-+-+-+-+-+-+-+-+-+-+-+-+-+-+-+-+-+-+-+-+-+-+-+-+-+-+-+-+-+
13/04/2010 14:16:49 (Std) 	+                     Crazy Eddie's GUI System - Event log                    +
13/04/2010 14:16:49 (Std) 	+                          (http://www.cegui.org.uk/)                         +
13/04/2010 14:16:49 (Std) 	+-+-+-+-+-+-+-+-+-+-+-+-+-+-+-+-+-+-+-+-+-+-+-+-+-+-+-+-+-+-+-+-+-+-+-+-+-+-+-+

13/04/2010 14:16:49 (Std) 	CEGUI::Logger singleton created. (0x8d61d40)
13/04/2010 14:16:49 (Std) 	
13/04/2010 14:16:49 (Std) 	********************************************************************************
13/04/2010 14:16:49 (Std) 	* Important:                                                                   *
13/04/2010 14:16:49 (Std) 	*     To get support at the CEGUI forums, you must post _at least_ the section *
13/04/2010 14:16:49 (Std) 	*     of this log file indicated below.  Failure to do this will result in no  *
13/04/2010 14:16:49 (Std) 	*     support being given; please do not waste our time.                       *
13/04/2010 14:16:49 (Std) 	********************************************************************************
13/04/2010 14:16:49 (Std) 	********************************************************************************
13/04/2010 14:16:49 (Std) 	* -------- START OF ESSENTIAL SECTION TO BE POSTED ON THE FORUM       -------- *
13/04/2010 14:16:49 (Std) 	********************************************************************************
13/04/2010 14:16:49 (Std) 	---- Version 0.7.1 (Build: Apr 13 2010 Debug GNU/Linux g++ 4.4.1 32 bit) ----
13/04/2010 14:16:49 (Std) 	---- Renderer module is: CEGUI::OpenGLRenderer - Official OpenGL based 2nd generation renderer module.  TextureTarget support enabled via FBO extension. ----
13/04/2010 14:16:49 (Std) 	---- XML Parser module is: CEGUI::XercesParser - Official Xerces-C++ based parser module for CEGUI ----
13/04/2010 14:16:49 (Std) 	---- Image Codec module is: FreeImageCodec - FreeImage based image codec ----
13/04/2010 14:16:49 (Std) 	---- Scripting module is: None ----
13/04/2010 14:16:49 (Std) 	********************************************************************************
13/04/2010 14:16:49 (Std) 	* -------- END OF ESSENTIAL SECTION TO BE POSTED ON THE FORUM         -------- *
13/04/2010 14:16:49 (Std) 	********************************************************************************
13/04/2010 14:16:49 (Std) 	
13/04/2010 14:16:49 (Std) 	---- Begining CEGUI System initialisation ----
13/04/2010 14:16:49 (Std) 	CEGUI::ImagesetManager singleton created (0x8d98d60)
13/04/2010 14:16:49 (Std) 	CEGUI::FontManager singleton created. (0x8d98c40)
13/04/2010 14:16:49 (Std) 	CEGUI::WindowFactoryManager singleton created
13/04/2010 14:16:49 (Std) 	CEGUI::WindowManager singleton created (0x8d98e38)
13/04/2010 14:16:49 (Std) 	CEGUI::SchemeManager singleton created. (0x8d99278)
13/04/2010 14:16:49 (Std) 	CEGUI::MouseCursor singleton created. (0x8d99350)
13/04/2010 14:16:49 (Std) 	CEGUI::GlobalEventSet singleton created. (0x8d98d18)
13/04/2010 14:16:49 (Std) 	CEGUI::WidgetLookManager singleton created. (0x8d98d40)
13/04/2010 14:16:49 (Std) 	CEGUI::WindowRendererManager singleton created (0x8d98b20)
13/04/2010 14:16:49 (Std) 	Created WindowFactory for 'DefaultWindow' windows.
13/04/2010 14:16:49 (Std) 	WindowFactory for 'DefaultWindow' windows added. (0x8d99488)
13/04/2010 14:16:49 (Std) 	Created WindowFactory for 'DragContainer' windows.
13/04/2010 14:16:49 (Std) 	WindowFactory for 'DragContainer' windows added. (0x8d995d8)
13/04/2010 14:16:49 (Std) 	Created WindowFactory for 'ScrolledContainer' windows.
13/04/2010 14:16:49 (Std) 	WindowFactory for 'ScrolledContainer' windows added. (0x8d99728)
13/04/2010 14:16:49 (Std) 	Created WindowFactory for 'ClippedContainer' windows.
13/04/2010 14:16:49 (Std) 	WindowFactory for 'ClippedContainer' windows added. (0x8d99878)
13/04/2010 14:16:49 (Std) 	Created WindowFactory for 'CEGUI/Checkbox' windows.
13/04/2010 14:16:49 (Std) 	WindowFactory for 'CEGUI/Checkbox' windows added. (0x8d999c8)
13/04/2010 14:16:49 (Std) 	Created WindowFactory for 'CEGUI/PushButton' windows.
13/04/2010 14:16:49 (Std) 	WindowFactory for 'CEGUI/PushButton' windows added. (0x8d99b18)
13/04/2010 14:16:49 (Std) 	Created WindowFactory for 'CEGUI/RadioButton' windows.
13/04/2010 14:16:49 (Std) 	WindowFactory for 'CEGUI/RadioButton' windows added. (0x8d99c68)
13/04/2010 14:16:49 (Std) 	Created WindowFactory for 'CEGUI/Combobox' windows.
13/04/2010 14:16:49 (Std) 	WindowFactory for 'CEGUI/Combobox' windows added. (0x8d99db8)
13/04/2010 14:16:49 (Std) 	Created WindowFactory for 'CEGUI/ComboDropList' windows.
13/04/2010 14:16:49 (Std) 	WindowFactory for 'CEGUI/ComboDropList' windows added. (0x8d99f08)
13/04/2010 14:16:49 (Std) 	Created WindowFactory for 'CEGUI/Editbox' windows.
13/04/2010 14:16:49 (Std) 	WindowFactory for 'CEGUI/Editbox' windows added. (0x8d9a058)
13/04/2010 14:16:49 (Std) 	Created WindowFactory for 'CEGUI/FrameWindow' windows.
13/04/2010 14:16:49 (Std) 	WindowFactory for 'CEGUI/FrameWindow' windows added. (0x8d9a0f8)
13/04/2010 14:16:49 (Std) 	Created WindowFactory for 'CEGUI/ItemEntry' windows.
13/04/2010 14:16:49 (Std) 	WindowFactory for 'CEGUI/ItemEntry' windows added. (0x8d9a338)
13/04/2010 14:16:49 (Std) 	Created WindowFactory for 'CEGUI/Listbox' windows.
13/04/2010 14:16:49 (Std) 	WindowFactory for 'CEGUI/Listbox' windows added. (0x8d9a488)
13/04/2010 14:16:49 (Std) 	Created WindowFactory for 'CEGUI/ListHeader' windows.
13/04/2010 14:16:49 (Std) 	WindowFactory for 'CEGUI/ListHeader' windows added. (0x8d9a5d8)
13/04/2010 14:16:49 (Std) 	Created WindowFactory for 'CEGUI/ListHeaderSegment' windows.
13/04/2010 14:16:49 (Std) 	WindowFactory for 'CEGUI/ListHeaderSegment' windows added. (0x8d9a728)
13/04/2010 14:16:49 (Std) 	Created WindowFactory for 'CEGUI/Menubar' windows.
13/04/2010 14:16:49 (Std) 	WindowFactory for 'CEGUI/Menubar' windows added. (0x8d9a878)
13/04/2010 14:16:49 (Std) 	Created WindowFactory for 'CEGUI/PopupMenu' windows.
13/04/2010 14:16:49 (Std) 	WindowFactory for 'CEGUI/PopupMenu' windows added. (0x8d9a9c8)
13/04/2010 14:16:49 (Std) 	Created WindowFactory for 'CEGUI/MenuItem' windows.
13/04/2010 14:16:49 (Std) 	WindowFactory for 'CEGUI/MenuItem' windows added. (0x8d9aba0)
13/04/2010 14:16:49 (Std) 	Created WindowFactory for 'CEGUI/MultiColumnList' windows.
13/04/2010 14:16:49 (Std) 	WindowFactory for 'CEGUI/MultiColumnList' windows added. (0x8d9acf0)
13/04/2010 14:16:49 (Std) 	Created WindowFactory for 'CEGUI/MultiLineEditbox' windows.
13/04/2010 14:16:49 (Std) 	WindowFactory for 'CEGUI/MultiLineEditbox' windows added. (0x8d9ae40)
13/04/2010 14:16:49 (Std) 	Created WindowFactory for 'CEGUI/ProgressBar' windows.
13/04/2010 14:16:49 (Std) 	WindowFactory for 'CEGUI/ProgressBar' windows added. (0x8d9af90)
13/04/2010 14:16:49 (Std) 	Created WindowFactory for 'CEGUI/ScrollablePane' windows.
13/04/2010 14:16:49 (Std) 	WindowFactory for 'CEGUI/ScrollablePane' windows added. (0x8d9b0e0)
13/04/2010 14:16:49 (Std) 	Created WindowFactory for 'CEGUI/Scrollbar' windows.
13/04/2010 14:16:49 (Std) 	WindowFactory for 'CEGUI/Scrollbar' windows added. (0x8d9b230)
13/04/2010 14:16:49 (Std) 	Created WindowFactory for 'CEGUI/Slider' windows.
13/04/2010 14:16:49 (Std) 	WindowFactory for 'CEGUI/Slider' windows added. (0x8d9b380)
13/04/2010 14:16:49 (Std) 	Created WindowFactory for 'CEGUI/Spinner' windows.
13/04/2010 14:16:49 (Std) 	WindowFactory for 'CEGUI/Spinner' windows added. (0x8d9b4d0)
13/04/2010 14:16:49 (Std) 	Created WindowFactory for 'CEGUI/TabButton' windows.
13/04/2010 14:16:49 (Std) 	WindowFactory for 'CEGUI/TabButton' windows added. (0x8d9b620)
13/04/2010 14:16:49 (Std) 	Created WindowFactory for 'CEGUI/TabControl' windows.
13/04/2010 14:16:49 (Std) 	WindowFactory for 'CEGUI/TabControl' windows added. (0x8d9b770)
13/04/2010 14:16:49 (Std) 	Created WindowFactory for 'CEGUI/Thumb' windows.
13/04/2010 14:16:49 (Std) 	WindowFactory for 'CEGUI/Thumb' windows added. (0x8d9b8c0)
13/04/2010 14:16:49 (Std) 	Created WindowFactory for 'CEGUI/Titlebar' windows.
13/04/2010 14:16:49 (Std) 	WindowFactory for 'CEGUI/Titlebar' windows added. (0x8d9ba10)
13/04/2010 14:16:49 (Std) 	Created WindowFactory for 'CEGUI/Tooltip' windows.
13/04/2010 14:16:49 (Std) 	WindowFactory for 'CEGUI/Tooltip' windows added. (0x8d9bb60)
13/04/2010 14:16:49 (Std) 	Created WindowFactory for 'CEGUI/ItemListbox' windows.
13/04/2010 14:16:49 (Std) 	WindowFactory for 'CEGUI/ItemListbox' windows added. (0x8d9bcb0)
13/04/2010 14:16:49 (Std) 	Created WindowFactory for 'CEGUI/GroupBox' windows.
13/04/2010 14:16:49 (Std) 	WindowFactory for 'CEGUI/GroupBox' windows added. (0x8d9be00)
13/04/2010 14:16:49 (Std) 	Created WindowFactory for 'CEGUI/Tree' windows.
13/04/2010 14:16:49 (Std) 	WindowFactory for 'CEGUI/Tree' windows added. (0x8d9bf50)
13/04/2010 14:16:49 (Std) 	Window type alias named 'DefaultGUISheet' added for window type 'DefaultWindow'.
13/04/2010 14:16:49 (Std) 	CEGUI::System singleton created. (0x8d61ac0)
13/04/2010 14:16:49 (Std) 	---- CEGUI System initialisation completed ----
13/04/2010 14:16:49 (Std) 	
13/04/2010 14:16:49 (Std) 	XercesParser::initialiseSchema - Attempting to load schema from file 'GUIScheme.xsd'.
13/04/2010 14:16:49 (Std) 	XercesParser::initialiseSchema - XML schema file 'GUIScheme.xsd' has been initialised.
13/04/2010 14:16:49 (Std) 	Started creation of Scheme from XML specification:
13/04/2010 14:16:49 (Std) 	---- CEGUI GUIScheme name: TaharezLook
13/04/2010 14:16:49 (Std) 	XercesParser::initialiseSchema - Attempting to load schema from file 'Imageset.xsd'.
13/04/2010 14:16:49 (Std) 	XercesParser::initialiseSchema - XML schema file 'Imageset.xsd' has been initialised.
13/04/2010 14:16:49 (Std) 	Started creation of Imageset from XML specification:
13/04/2010 14:16:49 (Std) 	---- CEGUI Imageset name: TaharezLook
13/04/2010 14:16:49 (Std) 	---- Source texture file: TaharezLook.tga in resource group: (Default)
13/04/2010 14:16:49 (Std) 	XercesParser::initialiseSchema - Attempting to load schema from file 'Font.xsd'.
13/04/2010 14:16:49 (Std) 	XercesParser::initialiseSchema - XML schema file 'Font.xsd' has been initialised.
13/04/2010 14:16:49 (Std) 	Started creation of Font from XML specification:
13/04/2010 14:16:49 (Std) 	---- CEGUI font name: DejaVuSans-10
13/04/2010 14:16:49 (Std) 	----       Font type: FreeType
13/04/2010 14:16:49 (Std) 	----     Source file: DejaVuSans.ttf in resource group: (Default)
13/04/2010 14:16:49 (Std) 	---- Real point size: 10
13/04/2010 14:16:49 (Std) 	XercesParser::initialiseSchema - Attempting to load schema from file 'Falagard.xsd'.
13/04/2010 14:16:49 (Std) 	XercesParser::initialiseSchema - XML schema file 'Falagard.xsd' has been initialised.
13/04/2010 14:16:49 (Std) 	===== Falagard 'root' element: look and feel parsing begins =====
13/04/2010 14:16:49 (Std) 	===== Look and feel parsing completed =====
13/04/2010 14:16:49 (Std) 	No window renderer factories specified for module 'CEGUIFalagardWRBase' - adding all available factories...
13/04/2010 14:16:49 (Std) 	Created WindowRendererFactory for 'Falagard/Button' WindowRenderers.
13/04/2010 14:16:49 (Std) 	WindowRendererFactory 'Falagard/Button' added. (0x8db32b0)
13/04/2010 14:16:49 (Std) 	Created WindowRendererFactory for 'Falagard/Default' WindowRenderers.
13/04/2010 14:16:49 (Std) 	WindowRendererFactory 'Falagard/Default' added. (0x8dff288)
13/04/2010 14:16:49 (Std) 	Created WindowRendererFactory for 'Falagard/Editbox' WindowRenderers.
13/04/2010 14:16:49 (Std) 	WindowRendererFactory 'Falagard/Editbox' added. (0x8dc52e8)
13/04/2010 14:16:49 (Std) 	Created WindowRendererFactory for 'Falagard/FrameWindow' WindowRenderers.
13/04/2010 14:16:49 (Std) 	WindowRendererFactory 'Falagard/FrameWindow' added. (0x8db3d80)
13/04/2010 14:16:49 (Std) 	Created WindowRendererFactory for 'Falagard/ItemEntry' WindowRenderers.
13/04/2010 14:16:49 (Std) 	WindowRendererFactory 'Falagard/ItemEntry' added. (0x8dac9b0)
13/04/2010 14:16:49 (Std) 	Created WindowRendererFactory for 'Falagard/ListHeader' WindowRenderers.
13/04/2010 14:16:49 (Std) 	WindowRendererFactory 'Falagard/ListHeader' added. (0x8dc2f48)
13/04/2010 14:16:49 (Std) 	Created WindowRendererFactory for 'Falagard/ListHeaderSegment' WindowRenderers.
13/04/2010 14:16:49 (Std) 	WindowRendererFactory 'Falagard/ListHeaderSegment' added. (0x8e010d8)
13/04/2010 14:16:49 (Std) 	Created WindowRendererFactory for 'Falagard/Listbox' WindowRenderers.
13/04/2010 14:16:49 (Std) 	WindowRendererFactory 'Falagard/Listbox' added. (0x8dc6fa0)
13/04/2010 14:16:49 (Std) 	Created WindowRendererFactory for 'Falagard/Menubar' WindowRenderers.
13/04/2010 14:16:49 (Std) 	WindowRendererFactory 'Falagard/Menubar' added. (0x8daa9d0)
13/04/2010 14:16:49 (Std) 	Created WindowRendererFactory for 'Falagard/MenuItem' WindowRenderers.
13/04/2010 14:16:49 (Std) 	WindowRendererFactory 'Falagard/MenuItem' added. (0x8f2d288)
13/04/2010 14:16:49 (Std) 	Created WindowRendererFactory for 'Falagard/MultiColumnList' WindowRenderers.
13/04/2010 14:16:49 (Std) 	WindowRendererFactory 'Falagard/MultiColumnList' added. (0x8dae588)
13/04/2010 14:16:49 (Std) 	Created WindowRendererFactory for 'Falagard/MultiLineEditbox' WindowRenderers.
13/04/2010 14:16:49 (Std) 	WindowRendererFactory 'Falagard/MultiLineEditbox' added. (0x8dbf470)
13/04/2010 14:16:49 (Std) 	Created WindowRendererFactory for 'Falagard/PopupMenu' WindowRenderers.
13/04/2010 14:16:49 (Std) 	WindowRendererFactory 'Falagard/PopupMenu' added. (0x8f35750)
13/04/2010 14:16:49 (Std) 	Created WindowRendererFactory for 'Falagard/ProgressBar' WindowRenderers.
13/04/2010 14:16:49 (Std) 	WindowRendererFactory 'Falagard/ProgressBar' added. (0x8dadce8)
13/04/2010 14:16:49 (Std) 	Created WindowRendererFactory for 'Falagard/ScrollablePane' WindowRenderers.
13/04/2010 14:16:49 (Std) 	WindowRendererFactory 'Falagard/ScrollablePane' added. (0x8dadd88)
13/04/2010 14:16:49 (Std) 	Created WindowRendererFactory for 'Falagard/Scrollbar' WindowRenderers.
13/04/2010 14:16:49 (Std) 	WindowRendererFactory 'Falagard/Scrollbar' added. (0x8db2060)
13/04/2010 14:16:49 (Std) 	Created WindowRendererFactory for 'Falagard/Slider' WindowRenderers.
13/04/2010 14:16:49 (Std) 	WindowRendererFactory 'Falagard/Slider' added. (0x8db2100)
13/04/2010 14:16:49 (Std) 	Created WindowRendererFactory for 'Falagard/Static' WindowRenderers.
13/04/2010 14:16:49 (Std) 	WindowRendererFactory 'Falagard/Static' added. (0x8dacbb0)
13/04/2010 14:16:49 (Std) 	Created WindowRendererFactory for 'Falagard/StaticImage' WindowRenderers.
13/04/2010 14:16:49 (Std) 	WindowRendererFactory 'Falagard/StaticImage' added. (0x8db4128)
13/04/2010 14:16:49 (Std) 	Created WindowRendererFactory for 'Falagard/StaticText' WindowRenderers.
13/04/2010 14:16:49 (Std) 	WindowRendererFactory 'Falagard/StaticText' added. (0x8d9cf78)
13/04/2010 14:16:49 (Std) 	Created WindowRendererFactory for 'Falagard/SystemButton' WindowRenderers.
13/04/2010 14:16:49 (Std) 	WindowRendererFactory 'Falagard/SystemButton' added. (0x8f46640)
13/04/2010 14:16:49 (Std) 	Created WindowRendererFactory for 'Falagard/TabButton' WindowRenderers.
13/04/2010 14:16:49 (Std) 	WindowRendererFactory 'Falagard/TabButton' added. (0x8f5ae10)
13/04/2010 14:16:49 (Std) 	Created WindowRendererFactory for 'Falagard/TabControl' WindowRenderers.
13/04/2010 14:16:49 (Std) 	WindowRendererFactory 'Falagard/TabControl' added. (0x8daef20)
13/04/2010 14:16:49 (Std) 	Created WindowRendererFactory for 'Falagard/Titlebar' WindowRenderers.
13/04/2010 14:16:49 (Std) 	WindowRendererFactory 'Falagard/Titlebar' added. (0x8dad610)
13/04/2010 14:16:49 (Std) 	Created WindowRendererFactory for 'Falagard/ToggleButton' WindowRenderers.
13/04/2010 14:16:49 (Std) 	WindowRendererFactory 'Falagard/ToggleButton' added. (0x8dc5f28)
13/04/2010 14:16:49 (Std) 	Created WindowRendererFactory for 'Falagard/Tooltip' WindowRenderers.
13/04/2010 14:16:49 (Std) 	WindowRendererFactory 'Falagard/Tooltip' added. (0x8da3810)
13/04/2010 14:16:49 (Std) 	Created WindowRendererFactory for 'Falagard/ItemListbox' WindowRenderers.
13/04/2010 14:16:49 (Std) 	WindowRendererFactory 'Falagard/ItemListbox' added. (0x8f38328)
13/04/2010 14:16:49 (Std) 	Created WindowRendererFactory for 'Falagard/Tree' WindowRenderers.
13/04/2010 14:16:49 (Std) 	WindowRendererFactory 'Falagard/Tree' added. (0x8dac808)
13/04/2010 14:16:49 (Std) 	Creating falagard mapping for type 'TaharezLook/Button' using base type 'CEGUI/PushButton', window renderer 'Falagard/Button' and Look'N'Feel 'TaharezLook/Button'. (0xbfb96834)
13/04/2010 14:16:49 (Std) 	Creating falagard mapping for type 'TaharezLook/Checkbox' using base type 'CEGUI/Checkbox', window renderer 'Falagard/ToggleButton' and Look'N'Feel 'TaharezLook/Checkbox'. (0xbfb96834)
13/04/2010 14:16:49 (Std) 	Creating falagard mapping for type 'TaharezLook/ImageButton' using base type 'CEGUI/PushButton', window renderer 'Falagard/Button' and Look'N'Feel 'TaharezLook/ImageButton'. (0xbfb96834)
13/04/2010 14:16:49 (Std) 	Creating falagard mapping for type 'TaharezLook/RadioButton' using base type 'CEGUI/RadioButton', window renderer 'Falagard/ToggleButton' and Look'N'Feel 'TaharezLook/RadioButton'. (0xbfb96834)
13/04/2010 14:16:49 (Std) 	Creating falagard mapping for type 'TaharezLook/FrameWindow' using base type 'CEGUI/FrameWindow', window renderer 'Falagard/FrameWindow' and Look'N'Feel 'TaharezLook/FrameWindow'. (0xbfb96834)
13/04/2010 14:16:49 (Std) 	Creating falagard mapping for type 'TaharezLook/Titlebar' using base type 'CEGUI/Titlebar', window renderer 'Falagard/Titlebar' and Look'N'Feel 'TaharezLook/Titlebar'. (0xbfb96834)
13/04/2010 14:16:49 (Std) 	Creating falagard mapping for type 'TaharezLook/SystemButton' using base type 'CEGUI/PushButton', window renderer 'Falagard/Button' and Look'N'Feel 'TaharezLook/Button'. (0xbfb96834)
13/04/2010 14:16:49 (Std) 	Creating falagard mapping for type 'TaharezLook/Editbox' using base type 'CEGUI/Editbox', window renderer 'Falagard/Editbox' and Look'N'Feel 'TaharezLook/Editbox'. (0xbfb96834)
13/04/2010 14:16:49 (Std) 	Creating falagard mapping for type 'TaharezLook/MultiLineEditbox' using base type 'CEGUI/MultiLineEditbox', window renderer 'Falagard/MultiLineEditbox' and Look'N'Feel 'TaharezLook/MultiLineEditbox'. (0xbfb96834)
13/04/2010 14:16:49 (Std) 	Creating falagard mapping for type 'TaharezLook/Menubar' using base type 'CEGUI/Menubar', window renderer 'Falagard/Menubar' and Look'N'Feel 'TaharezLook/Menubar'. (0xbfb96834)
13/04/2010 14:16:49 (Std) 	Creating falagard mapping for type 'TaharezLook/PopupMenu' using base type 'CEGUI/PopupMenu', window renderer 'Falagard/PopupMenu' and Look'N'Feel 'TaharezLook/PopupMenu'. (0xbfb96834)
13/04/2010 14:16:49 (Std) 	Creating falagard mapping for type 'TaharezLook/MenuItem' using base type 'CEGUI/MenuItem', window renderer 'Falagard/MenuItem' and Look'N'Feel 'TaharezLook/MenuItem'. (0xbfb96834)
13/04/2010 14:16:49 (Std) 	Creating falagard mapping for type 'TaharezLook/AlternateProgressBar' using base type 'CEGUI/ProgressBar', window renderer 'Falagard/ProgressBar' and Look'N'Feel 'TaharezLook/AltProgressBar'. (0xbfb96834)
13/04/2010 14:16:49 (Std) 	Creating falagard mapping for type 'TaharezLook/ProgressBar' using base type 'CEGUI/ProgressBar', window renderer 'Falagard/ProgressBar' and Look'N'Feel 'TaharezLook/ProgressBar'. (0xbfb96834)
13/04/2010 14:16:49 (Std) 	Creating falagard mapping for type 'TaharezLook/VUMeter' using base type 'CEGUI/ProgressBar', window renderer 'Falagard/ProgressBar' and Look'N'Feel 'TaharezLook/VUMeter'. (0xbfb96834)
13/04/2010 14:16:49 (Std) 	Creating falagard mapping for type 'TaharezLook/VerticalScrollbar' using base type 'CEGUI/Scrollbar', window renderer 'Falagard/Scrollbar' and Look'N'Feel 'TaharezLook/VerticalScrollbar'. (0xbfb96834)
13/04/2010 14:16:49 (Std) 	Creating falagard mapping for type 'TaharezLook/HorizontalScrollbar' using base type 'CEGUI/Scrollbar', window renderer 'Falagard/Scrollbar' and Look'N'Feel 'TaharezLook/HorizontalScrollbar'. (0xbfb96834)
13/04/2010 14:16:49 (Std) 	Creating falagard mapping for type 'TaharezLook/VerticalScrollbarThumb' using base type 'CEGUI/Thumb', window renderer 'Falagard/Button' and Look'N'Feel 'TaharezLook/VerticalScrollbarThumb'. (0xbfb96834)
13/04/2010 14:16:49 (Std) 	Creating falagard mapping for type 'TaharezLook/HorizontalScrollbarThumb' using base type 'CEGUI/Thumb', window renderer 'Falagard/Button' and Look'N'Feel 'TaharezLook/HorizontalScrollbarThumb'. (0xbfb96834)
13/04/2010 14:16:49 (Std) 	Creating falagard mapping for type 'TaharezLook/LargeVerticalScrollbar' using base type 'CEGUI/Scrollbar', window renderer 'Falagard/Scrollbar' and Look'N'Feel 'TaharezLook/LargeVerticalScrollbar'. (0xbfb96834)
13/04/2010 14:16:49 (Std) 	Creating falagard mapping for type 'TaharezLook/LargeVerticalScrollbarThumb' using base type 'CEGUI/Thumb', window renderer 'Falagard/Button' and Look'N'Feel 'TaharezLook/LargeVerticalScrollbarThumb'. (0xbfb96834)
13/04/2010 14:16:49 (Std) 	Creating falagard mapping for type 'TaharezLook/TabButton' using base type 'CEGUI/TabButton', window renderer 'Falagard/TabButton' and Look'N'Feel 'TaharezLook/TabButton'. (0xbfb96834)
13/04/2010 14:16:49 (Std) 	Creating falagard mapping for type 'TaharezLook/TabControl' using base type 'CEGUI/TabControl', window renderer 'Falagard/TabControl' and Look'N'Feel 'TaharezLook/TabControl'. (0xbfb96834)
13/04/2010 14:16:49 (Std) 	Creating falagard mapping for type 'TaharezLook/TabContentPane' using base type 'DefaultWindow', window renderer 'Falagard/Default' and Look'N'Feel 'TaharezLook/TabContentPane'. (0xbfb96834)
13/04/2010 14:16:49 (Std) 	Creating falagard mapping for type 'TaharezLook/TabButtonPane' using base type 'DefaultWindow', window renderer 'Falagard/Default' and Look'N'Feel 'TaharezLook/TabButtonPane'. (0xbfb96834)
13/04/2010 14:16:49 (Std) 	Creating falagard mapping for type 'TaharezLook/ComboDropList' using base type 'CEGUI/ComboDropList', window renderer 'Falagard/Listbox' and Look'N'Feel 'TaharezLook/ComboDropList'. (0xbfb96834)
13/04/2010 14:16:49 (Std) 	Creating falagard mapping for type 'TaharezLook/ComboEditbox' using base type 'CEGUI/Editbox', window renderer 'Falagard/Editbox' and Look'N'Feel 'TaharezLook/ComboEditbox'. (0xbfb96834)
13/04/2010 14:16:49 (Std) 	Creating falagard mapping for type 'TaharezLook/Combobox' using base type 'CEGUI/Combobox', window renderer 'Falagard/Default' and Look'N'Feel 'TaharezLook/Combobox'. (0xbfb96834)
13/04/2010 14:16:49 (Std) 	Creating falagard mapping for type 'TaharezLook/Listbox' using base type 'CEGUI/Listbox', window renderer 'Falagard/Listbox' and Look'N'Feel 'TaharezLook/Listbox'. (0xbfb96834)
13/04/2010 14:16:49 (Std) 	Creating falagard mapping for type 'TaharezLook/ListHeader' using base type 'CEGUI/ListHeader', window renderer 'Falagard/ListHeader' and Look'N'Feel 'TaharezLook/ListHeader'. (0xbfb96834)
13/04/2010 14:16:49 (Std) 	Creating falagard mapping for type 'TaharezLook/ListHeaderSegment' using base type 'CEGUI/ListHeaderSegment', window renderer 'Falagard/ListHeaderSegment' and Look'N'Feel 'TaharezLook/ListHeaderSegment'. (0xbfb96834)
13/04/2010 14:16:49 (Std) 	Creating falagard mapping for type 'TaharezLook/MultiColumnList' using base type 'CEGUI/MultiColumnList', window renderer 'Falagard/MultiColumnList' and Look'N'Feel 'TaharezLook/MultiColumnList'. (0xbfb96834)
13/04/2010 14:16:49 (Std) 	Creating falagard mapping for type 'TaharezLook/Slider' using base type 'CEGUI/Slider', window renderer 'Falagard/Slider' and Look'N'Feel 'TaharezLook/Slider'. (0xbfb96834)
13/04/2010 14:16:49 (Std) 	Creating falagard mapping for type 'TaharezLook/SliderThumb' using base type 'CEGUI/Thumb', window renderer 'Falagard/Button' and Look'N'Feel 'TaharezLook/SliderThumb'. (0xbfb96834)
13/04/2010 14:16:49 (Std) 	Creating falagard mapping for type 'TaharezLook/ScrollablePane' using base type 'CEGUI/ScrollablePane', window renderer 'Falagard/ScrollablePane' and Look'N'Feel 'TaharezLook/ScrollablePane'. (0xbfb96834)
13/04/2010 14:16:49 (Std) 	Creating falagard mapping for type 'TaharezLook/Spinner' using base type 'CEGUI/Spinner', window renderer 'Falagard/Default' and Look'N'Feel 'TaharezLook/Spinner'. (0xbfb96834)
13/04/2010 14:16:49 (Std) 	Creating falagard mapping for type 'TaharezLook/Tooltip' using base type 'CEGUI/Tooltip', window renderer 'Falagard/Tooltip' and Look'N'Feel 'TaharezLook/Tooltip'. (0xbfb96834)
13/04/2010 14:16:49 (Std) 	Creating falagard mapping for type 'TaharezLook/StaticImage' using base type 'DefaultWindow', window renderer 'Falagard/StaticImage' and Look'N'Feel 'TaharezLook/StaticImage'. (0xbfb96834)
13/04/2010 14:16:49 (Std) 	Creating falagard mapping for type 'TaharezLook/StaticText' using base type 'DefaultWindow', window renderer 'Falagard/StaticText' and Look'N'Feel 'TaharezLook/StaticText'. (0xbfb96834)
13/04/2010 14:16:49 (Std) 	Creating falagard mapping for type 'TaharezLook/ItemListbox' using base type 'CEGUI/ItemListbox', window renderer 'Falagard/ItemListbox' and Look'N'Feel 'TaharezLook/ItemListbox'. (0xbfb96834)
13/04/2010 14:16:49 (Std) 	Creating falagard mapping for type 'TaharezLook/ListboxItem' using base type 'CEGUI/ItemEntry', window renderer 'Falagard/ItemEntry' and Look'N'Feel 'TaharezLook/ListboxItem'. (0xbfb96834)
13/04/2010 14:16:49 (Std) 	Creating falagard mapping for type 'TaharezLook/GroupBox' using base type 'CEGUI/GroupBox', window renderer 'Falagard/Default' and Look'N'Feel 'TaharezLook/GroupBox'. (0xbfb96834)
13/04/2010 14:16:49 (Std) 	Creating falagard mapping for type 'TaharezLook/Tree' using base type 'CEGUI/Tree', window renderer 'Falagard/Tree' and Look'N'Feel 'TaharezLook/Tree'. (0xbfb96834)
13/04/2010 14:16:49 (Std) 	XercesParser::initialiseSchema - Attempting to load schema from file 'GUILayout.xsd'.
13/04/2010 14:16:49 (Std) 	XercesParser::initialiseSchema - XML schema file 'GUILayout.xsd' has been initialised.
13/04/2010 14:16:49 (Error)	Attempt to set value of '49'  to read only property 'HorzExtent' on window: Root/HP
13/04/2010 14:16:49 (Error)	Attempt to set value of '19.8618'  to read only property 'VertExtent' on window: Root/HP
13/04/2010 14:16:49 (Error)	Attempt to set value of '51'  to read only property 'HorzExtent' on window: Root/MP
13/04/2010 14:16:49 (Error)	Attempt to set value of '19.8618'  to read only property 'VertExtent' on window: Root/MP
13/04/2010 14:16:49 (Error)	Attempt to set value of '50'  to read only property 'HorzExtent' on window: Root/Lvl
13/04/2010 14:16:49 (Error)	Attempt to set value of '19.8618'  to read only property 'VertExtent' on window: Root/Lvl
13/04/2010 14:16:49 (Error)	Attempt to set value of '48'  to read only property 'HorzExtent' on window: Root/AP
13/04/2010 14:16:49 (Error)	Attempt to set value of '19.8618'  to read only property 'VertExtent' on window: Root/AP
13/04/2010 14:16:49 (Error)	Attempt to set value of '49'  to read only property 'HorzExtent' on window: Root/AR
13/04/2010 14:16:49 (Error)	Attempt to set value of '19.8618'  to read only property 'VertExtent' on window: Root/AR
13/04/2010 14:16:49 (Error)	Attempt to set value of '54'  to read only property 'HorzExtent' on window: Root/WR
13/04/2010 14:16:49 (Error)	Attempt to set value of '19.8618'  to read only property 'VertExtent' on window: Root/WR
13/04/2010 14:16:49 (Error)	Attempt to set value of '129'  to read only property 'HorzExtent' on window: Root/Descr
13/04/2010 14:16:49 (Error)	Attempt to set value of '19.8618'  to read only property 'VertExtent' on window: Root/Descr
13/04/2010 14:16:49 (Error)	CEGUI::UnknownObjectException in file CEGUIPropertySet.cpp(124) : There is no Property named 'WordWrap' available in the set.
13/04/2010 14:16:49 (Std) 	---- Successfully completed loading of GUI layout from 'Character.layout' ----
13/04/2010 14:16:49 (Std) 	Attempting to create Imageset 'DejaVuSans-10_auto_glyph_images_ ' with texture only.
13/04/2010 14:17:04 (Std) 	Attempting to create Imageset 'DejaVuSans-10_auto_glyph_images_Ѐ' with texture only.
